commit 9d2146771628d8fca43bf5861176064623468ac6
Author: Sergio VG <sergiovgonzalez27@gmail.com>
Date:   Wed Sep 6 22:08:11 2023 -0600

    Agregando 2 p치rrafos

commit be893fd323414b6615bfe1b8f671a6f5b24bce86
Merge: a1889ed 26e671a
Author: Sergio VG <sergiovgonzalez27@gmail.com>
Date:   Wed Sep 6 22:06:12 2023 -0600

    Resolviendo conflicto en estaciones del a침o y fechas de inicio

commit a1889edcd6a5fdcd43443e25adbc050c677d1d23
Author: Sergio VG <sergiovgonzalez27@gmail.com>
Date:   Wed Sep 6 21:51:36 2023 -0600

    Agregando estaciones del a침o con fecha de incicio

commit 26e671ade200eb2089bbda77e47bf497db7c8360
Author: Sergio VG <sergiovgonzalez27@gmail.com>
Date:   Wed Sep 6 21:51:36 2023 -0600

    Agregando las estaciones del a침o

commit 23318e3c5820254b4845547c17e75324550df787
Merge: 8c0b869 67a1b46
Author: Sergio VG <sergiovgonzalez27@gmail.com>
Date:   Tue Sep 5 19:50:18 2023 -0600

    Resolviendo conflicto merge main/html en el documento index.html

commit 67a1b46fa13873d4de1e0e2c9c60cfe5f9da9c9d
Author: Sergio VG <sergiovgonzalez27@gmail.com>
Date:   Tue Sep 5 19:44:03 2023 -0600

    Agregando index.js al index.html

commit 8c0b869bfc601390ad90b091fdb39afb79638d74
Author: Sergio VG <sergiovgonzalez27@gmail.com>
Date:   Tue Sep 5 19:40:19 2023 -0600

    Agregando style.css al index.html

commit e9294afa3dbd676d9310fa3c3db44f709b7eac9a
Merge: 8d74d04 d6a62bd
Author: Sergio VG <sergiovgonzalez27@gmail.com>
Date:   Tue Sep 5 19:32:03 2023 -0600

    Merge branch 'js'

commit d6a62bd8709fb8dbf2ed2f5a114c00939b60021a
Author: Sergio VG <sergiovgonzalez27@gmail.com>
Date:   Mon Sep 4 22:31:59 2023 -0600

    Creando index.js

commit 8d74d0439b810e7f86d9a4262bd44fa9632c2b8a
Author: Sergio VG <sergiovgonzalez27@gmail.com>
Date:   Mon Sep 4 22:27:37 2023 -0600

    Creando style.css

commit 56d3603eed8c7e1fb4133b07f1c110cb5de6925b
Author: Sergio VG <sergiovgonzalez27@gmail.com>
Date:   Mon Sep 4 22:23:20 2023 -0600

    Creando index.html

commit f4ceed529df7350febd5884b332bd89e9f4fb537
Author: Sergio VG <sergiovgonzalez27@gmail.com>
Date:   Thu Aug 31 17:26:44 2023 -0600

    Ingorando archivos .exe

commit 70c2ab9d96201672c2bef9192c6bbe9a838be3f4
Author: Sergio Villase침or Gonz치lez <132311946+SergioVGonzalez@users.noreply.github.com>
Date:   Wed Aug 30 16:40:22 2023 -0600

    Creando licencia del repositorio

commit 128983fc4bf7a117c370b1f0b1ad33b6ccb969b1
Author: Sergio VG <sergiovgonzalez27@gmail.com>
Date:   Wed Aug 30 16:33:32 2023 -0600

    Agregando m치s contenido al README

commit 67914aa23e374e1ead7c2af65b95ac5d4ae22f02
Author: Sergio VG <sergiovgonzalez27@gmail.com>
Date:   Tue Aug 29 17:03:49 2023 -0600

    Agregando contenido inicial al archivo readme

commit 03ca04c224ad3a2eebfe914337e7a4eba4fc68fb
Author: Sergio VG <sergiovgonzalez27@gmail.com>
Date:   Tue Aug 29 16:57:57 2023 -0600

    primer commit 游때
